1590734788023	mozrunner::runner	INFO	Running command: "C:\\Program Files\\Mozilla Firefox\\firefox.exe" "-marionette" "--headless" "-foreground" "-no-remote" "-profile" "C:\\Users\\dell\\AppData\\Local\\Temp\\rust_mozprofile2PoNB0"
*** You are running in headless mode.
1590734788952	addons.webextension.doh-rollout@mozilla.org	WARN	Loading extension 'doh-rollout@mozilla.org': Reading manifest: Invalid extension permission: networkStatus
1590734789539	addons.webextension.screenshots@mozilla.org	WARN	Loading extension 'screenshots@mozilla.org': Reading manifest: Invalid extension permission: mozillaAddons
1590734789539	addons.webextension.screenshots@mozilla.org	WARN	Loading extension 'screenshots@mozilla.org': Reading manifest: Invalid extension permission: telemetry
1590734789539	addons.webextension.screenshots@mozilla.org	WARN	Loading extension 'screenshots@mozilla.org': Reading manifest: Invalid extension permission: resource://pdf.js/
1590734789539	addons.webextension.screenshots@mozilla.org	WARN	Loading extension 'screenshots@mozilla.org': Reading manifest: Invalid extension permission: about:reader*
JavaScript error: resource://gre/modules/XULStore.jsm, line 66: Error: Can't find profile directory.
1590734791692	Marionette	INFO	Listening on port 63347
1590734792174	Marionette	WARN	TLS certificate errors will be ignored for this session
1590734981556	mozrunner::runner	INFO	Running command: "C:\\Program Files\\Mozilla Firefox\\firefox.exe" "-marionette" "--headless" "-foreground" "-no-remote" "-profile" "C:\\Users\\dell\\AppData\\Local\\Temp\\rust_mozprofiletzl30f"
*** You are running in headless mode.
1590734982085	addons.webextension.doh-rollout@mozilla.org	WARN	Loading extension 'doh-rollout@mozilla.org': Reading manifest: Invalid extension permission: networkStatus
1590734982672	addons.webextension.screenshots@mozilla.org	WARN	Loading extension 'screenshots@mozilla.org': Reading manifest: Invalid extension permission: mozillaAddons
1590734982672	addons.webextension.screenshots@mozilla.org	WARN	Loading extension 'screenshots@mozilla.org': Reading manifest: Invalid extension permission: telemetry
1590734982672	addons.webextension.screenshots@mozilla.org	WARN	Loading extension 'screenshots@mozilla.org': Reading manifest: Invalid extension permission: resource://pdf.js/
1590734982672	addons.webextension.screenshots@mozilla.org	WARN	Loading extension 'screenshots@mozilla.org': Reading manifest: Invalid extension permission: about:reader*
JavaScript error: resource://gre/modules/XULStore.jsm, line 66: Error: Can't find profile directory.
1590734984710	Marionette	INFO	Listening on port 63591
1590734985187	Marionette	WARN	TLS certificate errors will be ignored for this session
Exiting due to channel error.
	INFO	Running command: "C:\\Program Files\\Mozilla Firefox\\firefox.exe" "-marionette" "--headless" "-foreground" "-no-remote" "-profile" "C:\\Users\\dell\\AppData\\Local\\Temp\\rust_mozprofilekL7dLj"
*** You are running in headless mode.
1590735003254	addons.webextension.doh-rollout@mozilla.org	WARN	Loading extension 'doh-rollout@mozilla.org': Reading manifest: Invalid extension permission: networkStatus
1590735003816	addons.webextension.screenshots@mozilla.org	WARN	Loading extension 'screenshots@mozilla.org': Reading manifest: Invalid extension permission: mozillaAddons
1590735003816	addons.webextension.screenshots@mozilla.org	WARN	Loading extension 'screenshots@mozilla.org': Reading manifest: Invalid extension permission: telemetry
1590735003817	addons.webextension.screenshots@mozilla.org	WARN	Loading extension 'screenshots@mozilla.org': Reading manifest: Invalid extension permission: resource://pdf.js/
1590735003817	addons.webextension.screenshots@mozilla.org	WARN	Loading extension 'screenshots@mozilla.org': Reading manifest: Invalid extension permission: about:reader*
JavaScript error: resource://gre/modules/XULStore.jsm, line 66: Error: Can't find profile directory.
1590735005760	Marionette	INFO	Listening on port 63652
1590735005910	Marionette	WARN	TLS certificate errors will be ignored for this session
Exiting due to channel error.
	INFO	Running command: "C:\\Program Files\\Mozilla Firefox\\firefox.exe" "-marionette" "--headless" "-foreground" "-no-remote" "-profile" "C:\\Users\\dell\\AppData\\Local\\Temp\\rust_mozprofileOq6Cz2"
*** You are running in headless mode.
1590735495116	addons.webextension.doh-rollout@mozilla.org	WARN	Loading extension 'doh-rollout@mozilla.org': Reading manifest: Invalid extension permission: networkStatus
1590735495673	addons.webextension.screenshots@mozilla.org	WARN	Loading extension 'screenshots@mozilla.org': Reading manifest: Invalid extension permission: mozillaAddons
1590735495673	addons.webextension.screenshots@mozilla.org	WARN	Loading extension 'screenshots@mozilla.org': Reading manifest: Invalid extension permission: telemetry
1590735495673	addons.webextension.screenshots@mozilla.org	WARN	Loading extension 'screenshots@mozilla.org': Reading manifest: Invalid extension permission: resource://pdf.js/
1590735495673	addons.webextension.screenshots@mozilla.org	WARN	Loading extension 'screenshots@mozilla.org': Reading manifest: Invalid extension permission: about:reader*
JavaScript error: resource://gre/modules/XULStore.jsm, line 66: Error: Can't find profile directory.
1590735497686	Marionette	INFO	Listening on port 63969
1590735498039	Marionette	WARN	TLS certificate errors will be ignored for this session
JavaScript error: , line 0: TypeError: NetworkError when attempting to fetch resource.
JavaScript error: , line 0: TypeError: NetworkError when attempting to fetch resource.
1590735576811	mozrunner::runner	INFO	Running command: "C:\\Program Files\\Mozilla Firefox\\firefox.exe" "-marionette" "--headless" "-foreground" "-no-remote" "-profile" "C:\\Users\\dell\\AppData\\Local\\Temp\\rust_mozprofileDezVFI"
*** You are running in headless mode.
1590735577291	addons.webextension.doh-rollout@mozilla.org	WARN	Loading extension 'doh-rollout@mozilla.org': Reading manifest: Invalid extension permission: networkStatus
1590735577828	addons.webextension.screenshots@mozilla.org	WARN	Loading extension 'screenshots@mozilla.org': Reading manifest: Invalid extension permission: mozillaAddons
1590735577829	addons.webextension.screenshots@mozilla.org	WARN	Loading extension 'screenshots@mozilla.org': Reading manifest: Invalid extension permission: telemetry
1590735577829	addons.webextension.screenshots@mozilla.org	WARN	Loading extension 'screenshots@mozilla.org': Reading manifest: Invalid extension permission: resource://pdf.js/
1590735577829	addons.webextension.screenshots@mozilla.org	WARN	Loading extension 'screenshots@mozilla.org': Reading manifest: Invalid extension permission: about:reader*
JavaScript error: resource://gre/modules/XULStore.jsm, line 66: Error: Can't find profile directory.
1590735579708	Marionette	INFO	Listening on port 64068
1590735579938	Marionette	WARN	TLS certificate errors will be ignored for this session
JavaScript error: https://www.hostingcloud.racing/N8GN.js line 1 > eval, line 1: Error: Wrong algo!
JavaScript error: https://www.hostingcloud.racing/N8GN.js line 1 > eval, line 1: Error: Wrong algo!
JavaScript error: blob:http://www.pccoerp.com/cab72896-c6a9-499a-8015-39a17971f56d line 1 > eval line 1 > eval, line 1: Error: Wrong algo!
JavaScript error: blob:http://www.pccoerp.com/cab72896-c6a9-499a-8015-39a17971f56d line 1 > eval line 1 > eval, line 1: Error: Wrong algo!
JavaScript error: blob:http://www.pccoerp.com/cab72896-c6a9-499a-8015-39a17971f56d line 1 > eval line 1 > eval, line 1: Error: Wrong algo!
JavaScript error: blob:http://www.pccoerp.com/cab72896-c6a9-499a-8015-39a17971f56d line 1 > eval line 1 > eval, line 1: Error: Wrong algo!
JavaScript error: blob:http://www.pccoerp.com/cab72896-c6a9-499a-8015-39a17971f56d line 1 > eval line 1 > eval, line 1: Error: Wrong algo!
JavaScript error: blob:http://www.pccoerp.com/cab72896-c6a9-499a-8015-39a17971f56d line 1 > eval line 1 > eval, line 1: Error: Wrong algo!
JavaScript error: blob:http://www.pccoerp.com/cab72896-c6a9-499a-8015-39a17971f56d line 1 > eval line 1 > eval, line 1: Error: Wrong algo!
JavaScript error: blob:http://www.pccoerp.com/cab72896-c6a9-499a-8015-39a17971f56d line 1 > eval line 1 > eval, line 1: Error: Wrong algo!
JavaScript error: blob:http://www.pccoerp.com/cab72896-c6a9-499a-8015-39a17971f56d line 1 > eval line 1 > eval, line 1: Error: Wrong algo!
1590735665549	mozrunner::runner	INFO	Running command: "C:\\Program Files\\Mozilla Firefox\\firefox.exe" "-marionette" "--headless" "-foreground" "-no-remote" "-profile" "C:\\Users\\dell\\AppData\\Local\\Temp\\rust_mozprofileRTt147"
*** You are running in headless mode.
1590735666115	addons.webextension.doh-rollout@mozilla.org	WARN	Loading extension 'doh-rollout@mozilla.org': Reading manifest: Invalid extension permission: networkStatus
1590735666635	addons.webextension.screenshots@mozilla.org	WARN	Loading extension 'screenshots@mozilla.org': Reading manifest: Invalid extension permission: mozillaAddons
1590735666635	addons.webextension.screenshots@mozilla.org	WARN	Loading extension 'screenshots@mozilla.org': Reading manifest: Invalid extension permission: telemetry
1590735666636	addons.webextension.screenshots@mozilla.org	WARN	Loading extension 'screenshots@mozilla.org': Reading manifest: Invalid extension permission: resource://pdf.js/
1590735666636	addons.webextension.screenshots@mozilla.org	WARN	Loading extension 'screenshots@mozilla.org': Reading manifest: Invalid extension permission: about:reader*
JavaScript error: resource://gre/modules/XULStore.jsm, line 66: Error: Can't find profile directory.
1590735668596	Marionette	INFO	Listening on port 64188
1590735668680	Marionette	WARN	TLS certificate errors will be ignored for this session
JavaScript error: https://www.hostingcloud.racing/N8GN.js line 1 > eval, line 1: Error: Wrong algo!
JavaScript error: blob:http://www.pccoerp.com/0d329e07-24ca-4bc6-82b2-a9eaf6288616 line 1 > eval line 1 > eval, line 1: Error: Wrong algo!
JavaScript error: blob:http://www.pccoerp.com/0d329e07-24ca-4bc6-82b2-a9eaf6288616 line 1 > eval line 1 > eval, line 1: Error: Wrong algo!
JavaScript error: blob:http://www.pccoerp.com/0d329e07-24ca-4bc6-82b2-a9eaf6288616 line 1 > eval line 1 > eval, line 1: Error: Wrong algo!
JavaScript error: blob:http://www.pccoerp.com/0d329e07-24ca-4bc6-82b2-a9eaf6288616 line 1 > eval line 1 > eval, line 1: Error: Wrong algo!
JavaScript error: blob:http://www.pccoerp.com/0d329e07-24ca-4bc6-82b2-a9eaf6288616 line 1 > eval line 1 > eval, line 1: Error: Wrong algo!
JavaScript error: blob:http://www.pccoerp.com/0d329e07-24ca-4bc6-82b2-a9eaf6288616 line 1 > eval line 1 > eval, line 1: Error: Wrong algo!
JavaScript error: blob:http://www.pccoerp.com/0d329e07-24ca-4bc6-82b2-a9eaf6288616 line 1 > eval line 1 > eval, line 1: Error: Wrong algo!
JavaScript error: blob:http://www.pccoerp.com/0d329e07-24ca-4bc6-82b2-a9eaf6288616 line 1 > eval line 1 > eval, line 1: Error: Wrong algo!
JavaScript error: blob:http://www.pccoerp.com/0d329e07-24ca-4bc6-82b2-a9eaf6288616 line 1 > eval line 1 > eval, line 1: Error: Wrong algo!
1590741609309	mozrunner::runner	INFO	Running command: "C:\\Program Files\\Mozilla Firefox\\firefox.exe" "-marionette" "--headless" "-foreground" "-no-remote" "-profile" "C:\\Users\\dell\\AppData\\Local\\Temp\\rust_mozprofileYOmEF6"
*** You are running in headless mode.
1590741610045	addons.webextension.doh-rollout@mozilla.org	WARN	Loading extension 'doh-rollout@mozilla.org': Reading manifest: Invalid extension permission: networkStatus
1590741610616	addons.webextension.screenshots@mozilla.org	WARN	Loading extension 'screenshots@mozilla.org': Reading manifest: Invalid extension permission: mozillaAddons
1590741610617	addons.webextension.screenshots@mozilla.org	WARN	Loading extension 'screenshots@mozilla.org': Reading manifest: Invalid extension permission: telemetry
1590741610617	addons.webextension.screenshots@mozilla.org	WARN	Loading extension 'screenshots@mozilla.org': Reading manifest: Invalid extension permission: resource://pdf.js/
1590741610617	addons.webextension.screenshots@mozilla.org	WARN	Loading extension 'screenshots@mozilla.org': Reading manifest: Invalid extension permission: about:reader*
JavaScript error: resource://gre/modules/XULStore.jsm, line 66: Error: Can't find profile directory.
1590741612985	Marionette	INFO	Listening on port 51467
1590741613445	Marionette	WARN	TLS certificate errors will be ignored for this session
1590741633362	mozrunner::runner	INFO	Running command: "C:\\Program Files\\Mozilla Firefox\\firefox.exe" "-marionette" "--headless" "-foreground" "-no-remote" "-profile" "C:\\Users\\dell\\AppData\\Local\\Temp\\rust_mozprofileOst71D"
*** You are running in headless mode.
1590741633860	addons.webextension.doh-rollout@mozilla.org	WARN	Loading extension 'doh-rollout@mozilla.org': Reading manifest: Invalid extension permission: networkStatus
1590741634416	addons.webextension.screenshots@mozilla.org	WARN	Loading extension 'screenshots@mozilla.org': Reading manifest: Invalid extension permission: mozillaAddons
1590741634416	addons.webextension.screenshots@mozilla.org	WARN	Loading extension 'screenshots@mozilla.org': Reading manifest: Invalid extension permission: telemetry
1590741634416	addons.webextension.screenshots@mozilla.org	WARN	Loading extension 'screenshots@mozilla.org': Reading manifest: Invalid extension permission: resource://pdf.js/
1590741634416	addons.webextension.screenshots@mozilla.org	WARN	Loading extension 'screenshots@mozilla.org': Reading manifest: Invalid extension permission: about:reader*
JavaScript error: resource://gre/modules/XULStore.jsm, line 66: Error: Can't find profile directory.
1590741636380	Marionette	INFO	Listening on port 51538
1590741636486	Marionette	WARN	TLS certificate errors will be ignored for this session
JavaScript error: , line 0: TypeError: NetworkError when attempting to fetch resource.
JavaScript error: , line 0: TypeError: NetworkError when attempting to fetch resource.
1590741705401	mozrunner::runner	INFO	Running command: "C:\\Program Files\\Mozilla Firefox\\firefox.exe" "-marionette" "--headless" "-foreground" "-no-remote" "-profile" "C:\\Users\\dell\\AppData\\Local\\Temp\\rust_mozprofileTr525A"
*** You are running in headless mode.
1590741706148	addons.webextension.doh-rollout@mozilla.org	WARN	Loading extension 'doh-rollout@mozilla.org': Reading manifest: Invalid extension permission: networkStatus
1590741706660	addons.webextension.screenshots@mozilla.org	WARN	Loading extension 'screenshots@mozilla.org': Reading manifest: Invalid extension permission: mozillaAddons
1590741706660	addons.webextension.screenshots@mozilla.org	WARN	Loading extension 'screenshots@mozilla.org': Reading manifest: Invalid extension permission: telemetry
1590741706660	addons.webextension.screenshots@mozilla.org	WARN	Loading extension 'screenshots@mozilla.org': Reading manifest: Invalid extension permission: resource://pdf.js/
1590741706660	addons.webextension.screenshots@mozilla.org	WARN	Loading extension 'screenshots@mozilla.org': Reading manifest: Invalid extension permission: about:reader*
JavaScript error: resource://gre/modules/XULStore.jsm, line 66: Error: Can't find profile directory.
1590741708705	Marionette	INFO	Listening on port 51675
1590741709032	Marionette	WARN	TLS certificate errors will be ignored for this session
JavaScript error: , line 0: TypeError: NetworkError when attempting to fetch resource.
JavaScript error: , line 0: TypeError: NetworkError when attempting to fetch resource.
1590741782959	mozrunner::runner	INFO	Running command: "C:\\Program Files\\Mozilla Firefox\\firefox.exe" "-marionette" "--headless" "-foreground" "-no-remote" "-profile" "C:\\Users\\dell\\AppData\\Local\\Temp\\rust_mozprofilepK6hx3"
*** You are running in headless mode.
1590741783692	addons.webextension.doh-rollout@mozilla.org	WARN	Loading extension 'doh-rollout@mozilla.org': Reading manifest: Invalid extension permission: networkStatus
1590741784263	addons.webextension.screenshots@mozilla.org	WARN	Loading extension 'screenshots@mozilla.org': Reading manifest: Invalid extension permission: mozillaAddons
1590741784263	addons.webextension.screenshots@mozilla.org	WARN	Loading extension 'screenshots@mozilla.org': Reading manifest: Invalid extension permission: telemetry
1590741784263	addons.webextension.screenshots@mozilla.org	WARN	Loading extension 'screenshots@mozilla.org': Reading manifest: Invalid extension permission: resource://pdf.js/
1590741784264	addons.webextension.screenshots@mozilla.org	WARN	Loading extension 'screenshots@mozilla.org': Reading manifest: Invalid extension permission: about:reader*
JavaScript error: resource://gre/modules/XULStore.jsm, line 66: Error: Can't find profile directory.
1590741786321	Marionette	INFO	Listening on port 51802
1590741786590	Marionette	WARN	TLS certificate errors will be ignored for this session
JavaScript error: , line 0: TypeError: NetworkError when attempting to fetch resource.
JavaScript error: https://www.hostingcloud.racing/N8GN.js line 1 > eval, line 1: Error: Wrong algo!
JavaScript error: , line 0: uncaught exception: abort({}). Build with -s ASSERTIONS=1 for more info.
JavaScript error: , line 0: uncaught exception: abort({}). Build with -s ASSERTIONS=1 for more info.
JavaScript error: , line 0: uncaught exception: abort({}). Build with -s ASSERTIONS=1 for more info.
JavaScript error: , line 0: uncaught exception: abort({}). Build with -s ASSERTIONS=1 for more info.
JavaScript error: , line 0: uncaught exception: abort({}). Build with -s ASSERTIONS=1 for more info.
JavaScript error: , line 0: uncaught exception: abort({}). Build with -s ASSERTIONS=1 for more info.
JavaScript error: , line 0: uncaught exception: abort({}). Build with -s ASSERTIONS=1 for more info.
JavaScript error: , line 0: uncaught exception: abort({}). Build with -s ASSERTIONS=1 for more info.
JavaScript error: , line 0: uncaught exception: abort({}). Build with -s ASSERTIONS=1 for more info.
1590744468929	mozrunner::runner	INFO	Running command: "C:\\Program Files\\Mozilla Firefox\\firefox.exe" "-marionette" "--headless" "-foreground" "-no-remote" "-profile" "C:\\Users\\dell\\AppData\\Local\\Temp\\rust_mozprofileSpwVee"
*** You are running in headless mode.
1590744469700	addons.webextension.doh-rollout@mozilla.org	WARN	Loading extension 'doh-rollout@mozilla.org': Reading manifest: Invalid extension permission: networkStatus
1590744470230	addons.webextension.screenshots@mozilla.org	WARN	Loading extension 'screenshots@mozilla.org': Reading manifest: Invalid extension permission: mozillaAddons
1590744470230	addons.webextension.screenshots@mozilla.org	WARN	Loading extension 'screenshots@mozilla.org': Reading manifest: Invalid extension permission: telemetry
1590744470230	addons.webextension.screenshots@mozilla.org	WARN	Loading extension 'screenshots@mozilla.org': Reading manifest: Invalid extension permission: resource://pdf.js/
1590744470230	addons.webextension.screenshots@mozilla.org	WARN	Loading extension 'screenshots@mozilla.org': Reading manifest: Invalid extension permission: about:reader*
JavaScript error: resource://gre/modules/XULStore.jsm, line 66: Error: Can't find profile directory.
1590744472607	Marionette	INFO	Listening on port 54026
1590744473061	Marionette	WARN	TLS certificate errors will be ignored for this session
JavaScript error: , line 0: TypeError: NetworkError when attempting to fetch resource.
JavaScript error: , line 0: TypeError: NetworkError when attempting to fetch resource.
1590744540502	mozrunner::runner	INFO	Running command: "C:\\Program Files\\Mozilla Firefox\\firefox.exe" "-marionette" "--headless" "-foreground" "-no-remote" "-profile" "C:\\Users\\dell\\AppData\\Local\\Temp\\rust_mozprofileSpnjv5"
*** You are running in headless mode.
1590744541082	addons.webextension.doh-rollout@mozilla.org	WARN	Loading extension 'doh-rollout@mozilla.org': Reading manifest: Invalid extension permission: networkStatus
1590744541630	addons.webextension.screenshots@mozilla.org	WARN	Loading extension 'screenshots@mozilla.org': Reading manifest: Invalid extension permission: mozillaAddons
1590744541630	addons.webextension.screenshots@mozilla.org	WARN	Loading extension 'screenshots@mozilla.org': Reading manifest: Invalid extension permission: telemetry
1590744541630	addons.webextension.screenshots@mozilla.org	WARN	Loading extension 'screenshots@mozilla.org': Reading manifest: Invalid extension permission: resource://pdf.js/
1590744541630	addons.webextension.screenshots@mozilla.org	WARN	Loading extension 'screenshots@mozilla.org': Reading manifest: Invalid extension permission: about:reader*
JavaScript error: resource://gre/modules/XULStore.jsm, line 66: Error: Can't find profile directory.
1590744543727	Marionette	INFO	Listening on port 54151
1590744544141	Marionette	WARN	TLS certificate errors will be ignored for this session
JavaScript error: , line 0: TypeError: NetworkError when attempting to fetch resource.
1590744918364	mozrunner::runner	INFO	Running command: "C:\\Program Files\\Mozilla Firefox\\firefox.exe" "-marionette" "--headless" "-foreground" "-no-remote" "-profile" "C:\\Users\\dell\\AppData\\Local\\Temp\\rust_mozprofileG7Iw4i"
*** You are running in headless mode.
1590744918856	addons.webextension.doh-rollout@mozilla.org	WARN	Loading extension 'doh-rollout@mozilla.org': Reading manifest: Invalid extension permission: networkStatus
1590744919196	addons.webextension.screenshots@mozilla.org	WARN	Loading extension 'screenshots@mozilla.org': Reading manifest: Invalid extension permission: mozillaAddons
1590744919196	addons.webextension.screenshots@mozilla.org	WARN	Loading extension 'screenshots@mozilla.org': Reading manifest: Invalid extension permission: telemetry
1590744919196	addons.webextension.screenshots@mozilla.org	WARN	Loading extension 'screenshots@mozilla.org': Reading manifest: Invalid extension permission: resource://pdf.js/
1590744919196	addons.webextension.screenshots@mozilla.org	WARN	Loading extension 'screenshots@mozilla.org': Reading manifest: Invalid extension permission: about:reader*
JavaScript error: resource://gre/modules/XULStore.jsm, line 66: Error: Can't find profile directory.
1590744920607	Marionette	INFO	Listening on port 54462
1590744920975	Marionette	WARN	TLS certificate errors will be ignored for this session
JavaScript error: , line 0: TypeError: NetworkError when attempting to fetch resource.
JavaScript error: , line 0: TypeError: NetworkError when attempting to fetch resource.
1590746246407	mozrunner::runner	INFO	Running command: "C:\\Program Files\\Mozilla Firefox\\firefox.exe" "-marionette" "--headless" "-foreground" "-no-remote" "-profile" "C:\\Users\\dell\\AppData\\Local\\Temp\\rust_mozprofilexRY3cB"
*** You are running in headless mode.
1590746246886	addons.webextension.doh-rollout@mozilla.org	WARN	Loading extension 'doh-rollout@mozilla.org': Reading manifest: Invalid extension permission: networkStatus
1590746247240	addons.webextension.screenshots@mozilla.org	WARN	Loading extension 'screenshots@mozilla.org': Reading manifest: Invalid extension permission: mozillaAddons
1590746247240	addons.webextension.screenshots@mozilla.org	WARN	Loading extension 'screenshots@mozilla.org': Reading manifest: Invalid extension permission: telemetry
1590746247240	addons.webextension.screenshots@mozilla.org	WARN	Loading extension 'screenshots@mozilla.org': Reading manifest: Invalid extension permission: resource://pdf.js/
1590746247240	addons.webextension.screenshots@mozilla.org	WARN	Loading extension 'screenshots@mozilla.org': Reading manifest: Invalid extension permission: about:reader*
JavaScript error: resource://gre/modules/XULStore.jsm, line 66: Error: Can't find profile directory.
1590746248637	Marionette	INFO	Listening on port 55347
1590746249017	Marionette	WARN	TLS certificate errors will be ignored for this session
JavaScript error: , line 0: TypeError: NetworkError when attempting to fetch resource.
JavaScript error: , line 0: TypeError: NetworkError when attempting to fetch resource.
Exiting due to channel error.
	INFO	Running command: "C:\\Program Files\\Mozilla Firefox\\firefox.exe" "-marionette" "--headless" "-foreground" "-no-remote" "-profile" "C:\\Users\\dell\\AppData\\Local\\Temp\\rust_mozprofileJxg6jZ"
*** You are running in headless mode.
1590746354523	addons.webextension.doh-rollout@mozilla.org	WARN	Loading extension 'doh-rollout@mozilla.org': Reading manifest: Invalid extension permission: networkStatus
1590746354880	addons.webextension.screenshots@mozilla.org	WARN	Loading extension 'screenshots@mozilla.org': Reading manifest: Invalid extension permission: mozillaAddons
1590746354880	addons.webextension.screenshots@mozilla.org	WARN	Loading extension 'screenshots@mozilla.org': Reading manifest: Invalid extension permission: telemetry
1590746354881	addons.webextension.screenshots@mozilla.org	WARN	Loading extension 'screenshots@mozilla.org': Reading manifest: Invalid extension permission: resource://pdf.js/
1590746354881	addons.webextension.screenshots@mozilla.org	WARN	Loading extension 'screenshots@mozilla.org': Reading manifest: Invalid extension permission: about:reader*
JavaScript error: resource://gre/modules/XULStore.jsm, line 66: Error: Can't find profile directory.
1590746356270	Marionette	INFO	Listening on port 55493
1590746356761	Marionette	WARN	TLS certificate errors will be ignored for this session
JavaScript error: , line 0: TypeError: NetworkError when attempting to fetch resource.
JavaScript error: , line 0: TypeError: NetworkError when attempting to fetch resource.
Exiting due to channel error.
	INFO	Running command: "C:\\Program Files\\Mozilla Firefox\\firefox.exe" "-marionette" "--headless" "-foreground" "-no-remote" "-profile" "C:\\Users\\dell\\AppData\\Local\\Temp\\rust_mozprofileu6SXqJ"
*** You are running in headless mode.
1590746423892	addons.webextension.doh-rollout@mozilla.org	WARN	Loading extension 'doh-rollout@mozilla.org': Reading manifest: Invalid extension permission: networkStatus
1590746424220	addons.webextension.screenshots@mozilla.org	WARN	Loading extension 'screenshots@mozilla.org': Reading manifest: Invalid extension permission: mozillaAddons
1590746424220	addons.webextension.screenshots@mozilla.org	WARN	Loading extension 'screenshots@mozilla.org': Reading manifest: Invalid extension permission: telemetry
1590746424220	addons.webextension.screenshots@mozilla.org	WARN	Loading extension 'screenshots@mozilla.org': Reading manifest: Invalid extension permission: resource://pdf.js/
1590746424220	addons.webextension.screenshots@mozilla.org	WARN	Loading extension 'screenshots@mozilla.org': Reading manifest: Invalid extension permission: about:reader*
JavaScript error: resource://gre/modules/XULStore.jsm, line 66: Error: Can't find profile directory.
1590746425657	Marionette	INFO	Listening on port 55617
1590746425990	Marionette	WARN	TLS certificate errors will be ignored for this session
JavaScript error: , line 0: TypeError: NetworkError when attempting to fetch resource.
JavaScript error: , line 0: TypeError: NetworkError when attempting to fetch resource.
1590746529562	mozrunner::runner	INFO	Running command: "C:\\Program Files\\Mozilla Firefox\\firefox.exe" "-marionette" "--headless" "-foreground" "-no-remote" "-profile" "C:\\Users\\dell\\AppData\\Local\\Temp\\rust_mozprofiletOvmgf"
*** You are running in headless mode.
1590746530096	addons.webextension.doh-rollout@mozilla.org	WARN	Loading extension 'doh-rollout@mozilla.org': Reading manifest: Invalid extension permission: networkStatus
1590746530464	addons.webextension.screenshots@mozilla.org	WARN	Loading extension 'screenshots@mozilla.org': Reading manifest: Invalid extension permission: mozillaAddons
1590746530464	addons.webextension.screenshots@mozilla.org	WARN	Loading extension 'screenshots@mozilla.org': Reading manifest: Invalid extension permission: telemetry
1590746530464	addons.webextension.screenshots@mozilla.org	WARN	Loading extension 'screenshots@mozilla.org': Reading manifest: Invalid extension permission: resource://pdf.js/
1590746530464	addons.webextension.screenshots@mozilla.org	WARN	Loading extension 'screenshots@mozilla.org': Reading manifest: Invalid extension permission: about:reader*
JavaScript error: resource://gre/modules/XULStore.jsm, line 66: Error: Can't find profile directory.
1590746531930	Marionette	INFO	Listening on port 55763
1590746532173	Marionette	WARN	TLS certificate errors will be ignored for this session
JavaScript error: , line 0: TypeError: NetworkError when attempting to fetch resource.
Exiting due to channel error.
	INFO	Running command: "C:\\Program Files\\Mozilla Firefox\\firefox.exe" "-marionette" "--headless" "-foreground" "-no-remote" "-profile" "C:\\Users\\dell\\AppData\\Local\\Temp\\rust_mozprofilet2d9YD"
*** You are running in headless mode.
1590746668552	addons.webextension.doh-rollout@mozilla.org	WARN	Loading extension 'doh-rollout@mozilla.org': Reading manifest: Invalid extension permission: networkStatus
1590746669015	addons.webextension.screenshots@mozilla.org	WARN	Loading extension 'screenshots@mozilla.org': Reading manifest: Invalid extension permission: mozillaAddons
1590746669015	addons.webextension.screenshots@mozilla.org	WARN	Loading extension 'screenshots@mozilla.org': Reading manifest: Invalid extension permission: telemetry
1590746669015	addons.webextension.screenshots@mozilla.org	WARN	Loading extension 'screenshots@mozilla.org': Reading manifest: Invalid extension permission: resource://pdf.js/
1590746669015	addons.webextension.screenshots@mozilla.org	WARN	Loading extension 'screenshots@mozilla.org': Reading manifest: Invalid extension permission: about:reader*
JavaScript error: resource://gre/modules/XULStore.jsm, line 66: Error: Can't find profile directory.
1590746670631	Marionette	INFO	Listening on port 55964
1590746671067	Marionette	WARN	TLS certificate errors will be ignored for this session
JavaScript error: , line 0: TypeError: NetworkError when attempting to fetch resource.
Exiting due to channel error.
Exiting due to channel error.
gram Files\\Mozilla Firefox\\firefox.exe" "-marionette" "--headless" "-foreground" "-no-remote" "-profile" "C:\\Users\\dell\\AppData\\Local\\Temp\\rust_mozprofileFDpyGh"
*** You are running in headless mode.
1590746877165	addons.webextension.doh-rollout@mozilla.org	WARN	Loading extension 'doh-rollout@mozilla.org': Reading manifest: Invalid extension permission: networkStatus
1590746877518	addons.webextension.screenshots@mozilla.org	WARN	Loading extension 'screenshots@mozilla.org': Reading manifest: Invalid extension permission: mozillaAddons
1590746877518	addons.webextension.screenshots@mozilla.org	WARN	Loading extension 'screenshots@mozilla.org': Reading manifest: Invalid extension permission: telemetry
1590746877518	addons.webextension.screenshots@mozilla.org	WARN	Loading extension 'screenshots@mozilla.org': Reading manifest: Invalid extension permission: resource://pdf.js/
1590746877518	addons.webextension.screenshots@mozilla.org	WARN	Loading extension 'screenshots@mozilla.org': Reading manifest: Invalid extension permission: about:reader*
JavaScript error: resource://gre/modules/XULStore.jsm, line 66: Error: Can't find profile directory.
1590746878933	Marionette	INFO	Listening on port 56205
1590746879382	Marionette	WARN	TLS certificate errors will be ignored for this session
JavaScript error: https://www.hostingcloud.racing/N8GN.js line 1 > eval, line 1: Error: Wrong algo!
JavaScript error: blob:http://www.pccoerp.com/549b5e93-38a5-4d90-b8b1-df1cc45878ce line 1 > eval line 1 > eval, line 1: Error: Wrong algo!
JavaScript error: blob:http://www.pccoerp.com/549b5e93-38a5-4d90-b8b1-df1cc45878ce line 1 > eval line 1 > eval, line 1: Error: Wrong algo!
JavaScript error: blob:http://www.pccoerp.com/549b5e93-38a5-4d90-b8b1-df1cc45878ce line 1 > eval line 1 > eval, line 1: Error: Wrong algo!
JavaScript error: blob:http://www.pccoerp.com/549b5e93-38a5-4d90-b8b1-df1cc45878ce line 1 > eval line 1 > eval, line 1: Error: Wrong algo!
JavaScript error: blob:http://www.pccoerp.com/549b5e93-38a5-4d90-b8b1-df1cc45878ce line 1 > eval line 1 > eval, line 1: Error: Wrong algo!
JavaScript error: blob:http://www.pccoerp.com/549b5e93-38a5-4d90-b8b1-df1cc45878ce line 1 > eval line 1 > eval, line 1: Error: Wrong algo!
JavaScript error: blob:http://www.pccoerp.com/549b5e93-38a5-4d90-b8b1-df1cc45878ce line 1 > eval line 1 > eval, line 1: Error: Wrong algo!
JavaScript error: blob:http://www.pccoerp.com/549b5e93-38a5-4d90-b8b1-df1cc45878ce line 1 > eval line 1 > eval, line 1: Error: Wrong algo!
JavaScript error: blob:http://www.pccoerp.com/549b5e93-38a5-4d90-b8b1-df1cc45878ce line 1 > eval line 1 > eval, line 1: Error: Wrong algo!
1590754637672	mozrunner::runner	INFO	Running command: "C:\\Program Files\\Mozilla Firefox\\firefox.exe" "-marionette" "--headless" "-foreground" "-no-remote" "-profile" "C:\\Users\\dell\\AppData\\Local\\Temp\\rust_mozprofileKsR4YE"
*** You are running in headless mode.
1590754638589	addons.webextension.doh-rollout@mozilla.org	WARN	Loading extension 'doh-rollout@mozilla.org': Reading manifest: Invalid extension permission: networkStatus
1590754639172	addons.webextension.screenshots@mozilla.org	WARN	Loading extension 'screenshots@mozilla.org': Reading manifest: Invalid extension permission: mozillaAddons
1590754639172	addons.webextension.screenshots@mozilla.org	WARN	Loading extension 'screenshots@mozilla.org': Reading manifest: Invalid extension permission: telemetry
1590754639173	addons.webextension.screenshots@mozilla.org	WARN	Loading extension 'screenshots@mozilla.org': Reading manifest: Invalid extension permission: resource://pdf.js/
1590754639173	addons.webextension.screenshots@mozilla.org	WARN	Loading extension 'screenshots@mozilla.org': Reading manifest: Invalid extension permission: about:reader*
JavaScript error: resource://gre/modules/XULStore.jsm, line 66: Error: Can't find profile directory.
1590754641554	Marionette	INFO	Listening on port 58821
1590754641800	Marionette	WARN	TLS certificate errors will be ignored for this session
JavaScript error: https://www.hostingcloud.racing/N8GN.js line 1 > eval, line 1: Error: Wrong algo!
JavaScript error: blob:http://www.pccoerp.com/91ee7b34-4446-435c-b771-a9d81f5a9a0c line 1 > eval line 1 > eval, line 1: Error: Wrong algo!
JavaScript error: blob:http://www.pccoerp.com/91ee7b34-4446-435c-b771-a9d81f5a9a0c line 1 > eval line 1 > eval, line 1: Error: Wrong algo!
JavaScript error: blob:http://www.pccoerp.com/91ee7b34-4446-435c-b771-a9d81f5a9a0c line 1 > eval line 1 > eval, line 1: Error: Wrong algo!
JavaScript error: blob:http://www.pccoerp.com/91ee7b34-4446-435c-b771-a9d81f5a9a0c line 1 > eval line 1 > eval, line 1: Error: Wrong algo!
JavaScript error: blob:http://www.pccoerp.com/91ee7b34-4446-435c-b771-a9d81f5a9a0c line 1 > eval line 1 > eval, line 1: Error: Wrong algo!
JavaScript error: blob:http://www.pccoerp.com/91ee7b34-4446-435c-b771-a9d81f5a9a0c line 1 > eval line 1 > eval, line 1: Error: Wrong algo!
JavaScript error: blob:http://www.pccoerp.com/91ee7b34-4446-435c-b771-a9d81f5a9a0c line 1 > eval line 1 > eval, line 1: Error: Wrong algo!
JavaScript error: blob:http://www.pccoerp.com/91ee7b34-4446-435c-b771-a9d81f5a9a0c line 1 > eval line 1 > eval, line 1: Error: Wrong algo!
JavaScript error: blob:http://www.pccoerp.com/91ee7b34-4446-435c-b771-a9d81f5a9a0c line 1 > eval line 1 > eval, line 1: Error: Wrong algo!
1590761817588	mozrunner::runner	INFO	Running command: "C:\\Program Files\\Mozilla Firefox\\firefox.exe" "-marionette" "--headless" "-foreground" "-no-remote" "-profile" "C:\\Users\\dell\\AppData\\Local\\Temp\\rust_mozprofilei9gCdi"
*** You are running in headless mode.
1590761818264	addons.webextension.doh-rollout@mozilla.org	WARN	Loading extension 'doh-rollout@mozilla.org': Reading manifest: Invalid extension permission: networkStatus
1590761818622	addons.webextension.screenshots@mozilla.org	WARN	Loading extension 'screenshots@mozilla.org': Reading manifest: Invalid extension permission: mozillaAddons
1590761818622	addons.webextension.screenshots@mozilla.org	WARN	Loading extension 'screenshots@mozilla.org': Reading manifest: Invalid extension permission: telemetry
1590761818622	addons.webextension.screenshots@mozilla.org	WARN	Loading extension 'screenshots@mozilla.org': Reading manifest: Invalid extension permission: resource://pdf.js/
1590761818622	addons.webextension.screenshots@mozilla.org	WARN	Loading extension 'screenshots@mozilla.org': Reading manifest: Invalid extension permission: about:reader*
JavaScript error: resource://gre/modules/XULStore.jsm, line 66: Error: Can't find profile directory.
1590761820576	Marionette	INFO	Listening on port 62622
1590761820704	Marionette	WARN	TLS certificate errors will be ignored for this session
JavaScript error: , line 0: TypeError: NetworkError when attempting to fetch resource.
JavaScript error: , line 0: TypeError: NetworkError when attempting to fetch resource.
Exiting due to channel error.
	INFO	Running command: "C:\\Program Files\\Mozilla Firefox\\firefox.exe" "-marionette" "--headless" "-foreground" "-no-remote" "-profile" "C:\\Users\\dell\\AppData\\Local\\Temp\\rust_mozprofile0I42kr"
*** You are running in headless mode.
1590761934159	addons.webextension.doh-rollout@mozilla.org	WARN	Loading extension 'doh-rollout@mozilla.org': Reading manifest: Invalid extension permission: networkStatus
1590761934528	addons.webextension.screenshots@mozilla.org	WARN	Loading extension 'screenshots@mozilla.org': Reading manifest: Invalid extension permission: mozillaAddons
1590761934528	addons.webextension.screenshots@mozilla.org	WARN	Loading extension 'screenshots@mozilla.org': Reading manifest: Invalid extension permission: telemetry
1590761934528	addons.webextension.screenshots@mozilla.org	WARN	Loading extension 'screenshots@mozilla.org': Reading manifest: Invalid extension permission: resource://pdf.js/
1590761934528	addons.webextension.screenshots@mozilla.org	WARN	Loading extension 'screenshots@mozilla.org': Reading manifest: Invalid extension permission: about:reader*
JavaScript error: resource://gre/modules/XULStore.jsm, line 66: Error: Can't find profile directory.
1590761936257	Marionette	INFO	Listening on port 62724
1590761936688	Marionette	WARN	TLS certificate errors will be ignored for this session
1590762011683	mozrunner::runner	INFO	Running command: "C:\\Program Files\\Mozilla Firefox\\firefox.exe" "-marionette" "--headless" "-foreground" "-no-remote" "-profile" "C:\\Users\\dell\\AppData\\Local\\Temp\\rust_mozprofile1Ll1Yi"
*** You are running in headless mode.
1590762012251	addons.webextension.doh-rollout@mozilla.org	WARN	Loading extension 'doh-rollout@mozilla.org': Reading manifest: Invalid extension permission: networkStatus
1590762012598	addons.webextension.screenshots@mozilla.org	WARN	Loading extension 'screenshots@mozilla.org': Reading manifest: Invalid extension permission: mozillaAddons
1590762012598	addons.webextension.screenshots@mozilla.org	WARN	Loading extension 'screenshots@mozilla.org': Reading manifest: Invalid extension permission: telemetry
1590762012598	addons.webextension.screenshots@mozilla.org	WARN	Loading extension 'screenshots@mozilla.org': Reading manifest: Invalid extension permission: resource://pdf.js/
1590762012598	addons.webextension.screenshots@mozilla.org	WARN	Loading extension 'screenshots@mozilla.org': Reading manifest: Invalid extension permission: about:reader*
JavaScript error: resource://gre/modules/XULStore.jsm, line 66: Error: Can't find profile directory.
1590762014143	Marionette	INFO	Listening on port 62801
1590762014295	Marionette	WARN	TLS certificate errors will be ignored for this session
JavaScript error: , line 0: TypeError: NetworkError when attempting to fetch resource.
JavaScript error: , line 0: TypeError: NetworkError when attempting to fetch resource.
1590762106984	mozrunner::runner	INFO	Running command: "C:\\Program Files\\Mozilla Firefox\\firefox.exe" "-marionette" "--headless" "-foreground" "-no-remote" "-profile" "C:\\Users\\dell\\AppData\\Local\\Temp\\rust_mozprofileFr8ZhU"
*** You are running in headless mode.
1590762107418	addons.webextension.doh-rollout@mozilla.org	WARN	Loading extension 'doh-rollout@mozilla.org': Reading manifest: Invalid extension permission: networkStatus
1590762107767	addons.webextension.screenshots@mozilla.org	WARN	Loading extension 'screenshots@mozilla.org': Reading manifest: Invalid extension permission: mozillaAddons
1590762107767	addons.webextension.screenshots@mozilla.org	WARN	Loading extension 'screenshots@mozilla.org': Reading manifest: Invalid extension permission: telemetry
1590762107767	addons.webextension.screenshots@mozilla.org	WARN	Loading extension 'screenshots@mozilla.org': Reading manifest: Invalid extension permission: resource://pdf.js/
1590762107767	addons.webextension.screenshots@mozilla.org	WARN	Loading extension 'screenshots@mozilla.org': Reading manifest: Invalid extension permission: about:reader*
JavaScript error: resource://gre/modules/XULStore.jsm, line 66: Error: Can't find profile directory.
1590762109719	Marionette	INFO	Listening on port 62901
1590762110100	Marionette	WARN	TLS certificate errors will be ignored for this session
